Mass Effect 2 (2010) Edition:  (Posicao: 0) NAO
Sid Meier's Civilization®: Beyond Earth™:  (Posicao: 1) NAO
ICEY:  (Posicao: 4) NAO
The Path:  (Posicao: 4) NAO
Command & Conquer 3: Kane's Wrath:  (Posicao: 5) NAO
Myst III: Exile:  (Posicao: 13) NAO
The Misadventures of P.B. Winterbottom:  (Posicao: 20) NAO
Tooth and Tail:  (Posicao: 10) NAO
Boomerang X:  (Posicao: 13) NAO
Frozen Synapse Prime:  (Posicao: 8) NAO
BULLET SOUL / バレットソウル - 弾魂 -:  (Posicao: 11) NAO
Half-Life 2: Episode One:  (Posicao: 20) SIM
Battle Academy 2: Eastern Front:  (Posicao: 3) NAO
Visage:  (Posicao: 19) NAO
The Fall:  (Posicao: 11) NAO
Civilization IV: Beyond the Sword:  (Posicao: 5) NAO
Wuppo: Definitive Edition:  (Posicao: 14) NAO
Age of Wonders Shadow Magic:  (Posicao: 7) NAO
Star Control III:  (Posicao: 2) NAO
Ultros:  (Posicao: 19) NAO
The Blackwell Legacy:  (Posicao: 15) NAO
METAL GEAR SOLID V: THE PHANTOM PAIN:  (Posicao: 14) SIM
Bridge Constructor Portal:  (Posicao: 12) NAO
Mushroom Wars 2:  (Posicao: 20) NAO
OMORI:  (Posicao: 12) NAO
Paper Trail:  (Posicao: 15) NAO
Dominions 3: The Awakening:  (Posicao: 3) NAO
Pix the Cat:  (Posicao: 4) NAO
Dark Future: Blood Red States:  (Posicao: 10) NAO
Valdis Story: Abyssal City:  (Posicao: 2) NAO
Impostor Factory:  (Posicao: 4) NAO
